{
  "RSpec": {
    "coverage": {
      "/Users/badmanski/Projects/tablefinder/config/environment.rb": [
        null,
        1,
        null,
        null,
        1
      ],
      "/Users/badmanski/Projects/tablefinder/config/application.rb": [
        1,
        null,
        1,
        null,
        null,
        null,
        1,
        null,
        1,
        1,
        null,
        null,
        null,
        null,
        null,
        null,
        null,
        null,
        null,
        null,
        null,
        null,
        1,
        1,
        1,
        1,
        1,
        1,
        1,
        null,
        null,
        null,
        null,
        null,
        null,
        null
      ],
      "/Users/badmanski/Projects/tablefinder/config/boot.rb": [
        null,
        1,
        null,
        1
      ],
      "/Users/badmanski/Projects/tablefinder/config/environments/test.rb": [
        1,
        null,
        null,
        null,
        null,
        null,
        null,
        1,
        null,
        null,
        null,
        null,
        1,
        null,
        null,
        1,
        1,
        null,
        null,
        1,
        1,
        null,
        null,
        1,
        null,
        null,
        1,
        null,
        null,
        null,
        null,
        1,
        null,
        null,
        1,
        null
      ],
      "/Users/badmanski/Projects/tablefinder/config/initializers/backtrace_silencers.rb": [
        null,
        null,
        null,
        null,
        null,
        null,
        null
      ],
      "/Users/badmanski/Projects/tablefinder/config/initializers/filter_parameter_logging.rb": [
        null,
        null,
        null,
        1
      ],
      "/Users/badmanski/Projects/tablefinder/config/initializers/inflections.rb": [
        null,
        null,
        null,
        null,
        null,
        null,
        null,
        null,
        null,
        null,
        null,
        null,
        null,
        null,
        null,
        null
      ],
      "/Users/badmanski/Projects/tablefinder/config/initializers/mime_types.rb": [
        null,
        null,
        null,
        null,
        null
      ],
      "/Users/badmanski/Projects/tablefinder/config/initializers/secret_token.rb": [
        null,
        null,
        null,
        null,
        null,
        null,
        null,
        null,
        null,
        null,
        null,
        1
      ],
      "/Users/badmanski/Projects/tablefinder/config/initializers/session_store.rb": [
        null,
        null,
        1
      ],
      "/Users/badmanski/Projects/tablefinder/config/initializers/wrap_parameters.rb": [
        null,
        null,
        null,
        null,
        null,
        null,
        1,
        1,
        null,
        null,
        null,
        null,
        null,
        null
      ],
      "/Users/badmanski/Projects/tablefinder/config/routes.rb": [
        1,
        null,
        1,
        1,
        1,
        1,
        null,
        null,
        1,
        null,
        1,
        null,
        1,
        1,
        null
      ],
      "/Users/badmanski/Projects/tablefinder/app/helpers/application_helper.rb": [
        1,
        null
      ],
      "/Users/badmanski/Projects/tablefinder/spec/support/blueprints.rb": [
        1,
        null,
        1,
        2,
        2,
        2,
        2,
        2,
        null,
        null,
        1,
        2,
        2,
        2,
        2,
        null
      ],
      "/Users/badmanski/Projects/tablefinder/app/models/place.rb": [
        1,
        1,
        1,
        null,
        1,
        1,
        null,
        1,
        0,
        null,
        null
      ],
      "/Users/badmanski/Projects/tablefinder/app/models/user.rb": [
        1,
        1,
        null,
        1,
        1,
        1,
        1,
        1,
        null,
        1,
        null,
        1,
        1,
        null,
        1,
        null,
        1,
        0,
        null,
        null
      ],
      "/Users/badmanski/Projects/tablefinder/app/controllers/dashboard_controller.rb": [
        1,
        1,
        1,
        null,
        null
      ],
      "/Users/badmanski/Projects/tablefinder/app/controllers/application_controller.rb": [
        1,
        1,
        1,
        1,
        null,
        1,
        38,
        null,
        null,
        1,
        null,
        1,
        1,
        6,
        6,
        null,
        null,
        null
      ],
      "/Users/badmanski/Projects/tablefinder/app/controllers/places_controller.rb": [
        1,
        1,
        null,
        1,
        0,
        null,
        null
      ],
      "/Users/badmanski/Projects/tablefinder/app/controllers/users_controller.rb": [
        1,
        null,
        1,
        0,
        null,
        null
      ]
    },
    "timestamp": 1379766564
  }
}
